C:\Program Files (x86)\Microsoft Visual Studio\2019\Community\MSBuild\Microsoft\VC\v160\Microsoft.CppBuild.targets(467,5): warning MSB8028: The intermediate directory (Debug\) contains files shared from another project (Boids.vcxproj, Swarm.vcxproj).  This can lead to incorrect clean and rebuild behavior.
  Game.cpp
C:\Users\pdarc\Desktop\AI Labs\AI-Lab-4\Boids\Boid.h(44,42): warning C4244: 'argument': conversion from 'int' to 'float', possible loss of data
C:\Users\pdarc\Desktop\AI Labs\AI-Lab-4\Boids\Boid.h(44,30): warning C4244: 'argument': conversion from 'int' to 'float', possible loss of data
C:\Users\pdarc\Desktop\AI Labs\AI-Lab-4\Boids\Boid.h(55,43): warning C4244: 'argument': conversion from 'int' to 'float', possible loss of data
C:\Users\pdarc\Desktop\AI Labs\AI-Lab-4\Boids\Boid.h(55,31): warning C4244: 'argument': conversion from 'int' to 'float', possible loss of data
C:\Users\pdarc\Desktop\AI Labs\AI-Lab-4\Boids\Boid.h(59,43): warning C4244: 'argument': conversion from 'int' to 'float', possible loss of data
C:\Users\pdarc\Desktop\AI Labs\AI-Lab-4\Boids\Boid.h(59,31): warning C4244: 'argument': conversion from 'int' to 'float', possible loss of data
C:\Users\pdarc\Desktop\AI Labs\AI-Lab-4\Boids\Game.cpp(40,42): warning C4244: 'argument': conversion from 'int' to 'float', possible loss of data
C:\Users\pdarc\Desktop\AI Labs\AI-Lab-4\Boids\Game.cpp(40,23): warning C4244: 'argument': conversion from 'int' to 'float', possible loss of data
C:\Users\pdarc\Desktop\AI Labs\AI-Lab-4\Boids\Game.cpp(45,35): warning C4244: 'argument': conversion from 'int' to 'float', possible loss of data
C:\Users\pdarc\Desktop\AI Labs\AI-Lab-4\Boids\Game.cpp(45,21): warning C4244: 'argument': conversion from 'int' to 'float', possible loss of data
C:\Users\pdarc\Desktop\AI Labs\AI-Lab-4\Boids\Game.cpp(148,36): warning C4244: 'argument': conversion from 'T' to 'float', possible loss of data
          with
          [
              T=int
          ]
C:\Users\pdarc\Desktop\AI Labs\AI-Lab-4\Boids\Game.cpp(148,21): warning C4244: 'argument': conversion from 'T' to 'float', possible loss of data
          with
          [
              T=int
          ]
C:\Users\pdarc\Desktop\AI Labs\AI-Lab-4\Boids\Game.cpp(152,47): warning C4244: 'argument': conversion from 'T' to 'float', possible loss of data
          with
          [
              T=int
          ]
C:\Users\pdarc\Desktop\AI Labs\AI-Lab-4\Boids\Game.cpp(152,32): warning C4244: 'argument': conversion from 'T' to 'float', possible loss of data
          with
          [
              T=int
          ]
C:\Users\pdarc\Desktop\AI Labs\AI-Lab-4\Boids\Game.cpp(177,20): warning C4018: '<': signed/unsigned mismatch
  Boids.vcxproj -> C:\Users\pdarc\Desktop\AI Labs\AI-Lab-4\Debug\Flock.exe
